<?xml version="1.0" encoding="UTF-8"?>
<!-- Generated by org.testng.reporters.JUnitReportReporter -->
<testsuite hostname="Lenovo" failures="0" tests="15" name="tests.OpenCartTests" time="13.966" errors="0" timestamp="2025-01-11T19:12:01 PKT" skipped="14">
  <testcase classname="tests.OpenCartTests" name="testsearch" time="13.966"/>
  <system-out/>
  <testcase classname="tests.OpenCartTests" name="testcarthighboundary">
    <skipped/>
  </testcase> <!-- testcarthighboundary -->
  <system-out/>
  <testcase classname="tests.OpenCartTests" name="testRegWithSpecialCharacters">
    <skipped/>
  </testcase> <!-- testRegWithSpecialCharacters -->
  <system-out/>
  <testcase classname="tests.OpenCartTests" name="testloginspaces">
    <skipped/>
  </testcase> <!-- testloginspaces -->
  <system-out/>
  <testcase classname="tests.OpenCartTests" name="testcamaddtocart">
    <skipped/>
  </testcase> <!-- testcamaddtocart -->
  <system-out/>
  <testcase classname="tests.OpenCartTests" name="teststock">
    <skipped/>
  </testcase> <!-- teststock -->
  <system-out/>
  <testcase classname="tests.OpenCartTests" name="testcartvalidation">
    <skipped/>
  </testcase> <!-- testcartvalidation -->
  <system-out/>
  <testcase classname="tests.OpenCartTests" name="testlogin">
    <skipped/>
  </testcase> <!-- testlogin -->
  <system-out/>
  <testcase classname="tests.OpenCartTests" name="testloginspecialchars">
    <skipped/>
  </testcase> <!-- testloginspecialchars -->
  <system-out/>
  <testcase classname="tests.OpenCartTests" name="testRegWithSpaces">
    <skipped/>
  </testcase> <!-- testRegWithSpaces -->
  <system-out/>
  <testcase classname="tests.OpenCartTests" name="testaddtocartitems">
    <skipped/>
  </testcase> <!-- testaddtocartitems -->
  <system-out/>
  <testcase classname="tests.OpenCartTests" name="testcartdeletion">
    <skipped/>
  </testcase> <!-- testcartdeletion -->
  <system-out/>
  <testcase classname="tests.OpenCartTests" name="testReg">
    <skipped/>
  </testcase> <!-- testReg -->
  <system-out/>
  <testcase classname="tests.OpenCartTests" name="testcartlowboundary">
    <skipped/>
  </testcase> <!-- testcartlowboundary -->
  <system-out/>
  <testcase classname="tests.OpenCartTests" name="testcartnegativeboundary">
    <skipped/>
  </testcase> <!-- testcartnegativeboundary -->
  <system-out/>
</testsuite> <!-- tests.OpenCartTests -->
